
============= MEMWATCH 2.71 Copyright (C) 1992-1999 Johan Lindh =============

Started at Thu Oct 29 10:18:44 2015

Modes: __STDC__ 64-bit mwDWORD==(unsigned int)
mwROUNDALLOC==8 sizeof(mwData)==56 mwDataSize==56


Stopped at Thu Oct 29 10:18:44 2015


Memory usage statistics (global):
 N)umber of allocations made: 1
 L)argest memory usage      : 256
 T)otal of all alloc() calls: 256
 U)nfreed bytes totals      : 0

============= MEMWATCH 2.71 Copyright (C) 1992-1999 Johan Lindh =============

Started at Thu Oct 29 10:27:40 2015

Modes: __STDC__ 64-bit mwDWORD==(unsigned int)
mwROUNDALLOC==8 sizeof(mwData)==56 mwDataSize==56


Stopped at Thu Oct 29 10:27:40 2015


Memory usage statistics (global):
 N)umber of allocations made: 1
 L)argest memory usage      : 256
 T)otal of all alloc() calls: 256
 U)nfreed bytes totals      : 0

============= MEMWATCH 2.71 Copyright (C) 1992-1999 Johan Lindh =============

Started at Thu Oct 29 10:40:18 2015

Modes: __STDC__ 64-bit mwDWORD==(unsigned int)
mwROUNDALLOC==8 sizeof(mwData)==56 mwDataSize==56


Stopped at Thu Oct 29 10:40:18 2015


Memory usage statistics (global):
 N)umber of allocations made: 1
 L)argest memory usage      : 256
 T)otal of all alloc() calls: 256
 U)nfreed bytes totals      : 0

============= MEMWATCH 2.71 Copyright (C) 1992-1999 Johan Lindh =============

Started at Thu Oct 29 12:04:06 2015

Modes: __STDC__ 64-bit mwDWORD==(unsigned int)
mwROUNDALLOC==8 sizeof(mwData)==56 mwDataSize==56

overflow: <6> src/clientNanny.c(46), 1024 bytes alloc'd at <3> src/clientNanny.c(27)

Stopped at Thu Oct 29 12:04:06 2015


Memory usage statistics (global):
 N)umber of allocations made: 3
 L)argest memory usage      : 3072
 T)otal of all alloc() calls: 3072
 U)nfreed bytes totals      : 0

============= MEMWATCH 2.71 Copyright (C) 1992-1999 Johan Lindh =============

Started at Thu Oct 29 12:44:29 2015

Modes: __STDC__ 64-bit mwDWORD==(unsigned int)
mwROUNDALLOC==8 sizeof(mwData)==56 mwDataSize==56


Stopped at Thu Oct 29 12:44:29 2015

unfreed: <1> src/procnanny.c(32), 30 bytes at 0x7ff8da600170  	{2E 2E 2F 73 72 63 2F 74 6D 70 2F 73 69 6D 70 6C ../src/tmp/simpl}

Memory usage statistics (global):
 N)umber of allocations made: 4
 L)argest memory usage      : 3102
 T)otal of all alloc() calls: 3102
 U)nfreed bytes totals      : 30

============= MEMWATCH 2.71 Copyright (C) 1992-1999 Johan Lindh =============

Started at Thu Oct 29 12:45:38 2015

Modes: __STDC__ 64-bit mwDWORD==(unsigned int)
mwROUNDALLOC==8 sizeof(mwData)==56 mwDataSize==56


Stopped at Thu Oct 29 12:45:38 2015

unfreed: <1> src/procnanny.c(32), 30 bytes at 0x7fd428c03610  	{2E 2E 2F 73 72 63 2F 74 6D 70 2F 73 69 6D 70 6C ../src/tmp/simpl}

Memory usage statistics (global):
 N)umber of allocations made: 4
 L)argest memory usage      : 3102
 T)otal of all alloc() calls: 3102
 U)nfreed bytes totals      : 30

============= MEMWATCH 2.71 Copyright (C) 1992-1999 Johan Lindh =============

Started at Thu Oct 29 12:46:10 2015

Modes: __STDC__ 64-bit mwDWORD==(unsigned int)
mwROUNDALLOC==8 sizeof(mwData)==56 mwDataSize==56


Stopped at Thu Oct 29 12:46:10 2015

unfreed: <1> src/procnanny.c(32), 30 bytes at 0x7ff398d00170  	{2E 2E 2F 73 72 63 2F 74 6D 70 2F 73 69 6D 70 6C ../src/tmp/simpl}

Memory usage statistics (global):
 N)umber of allocations made: 4
 L)argest memory usage      : 3102
 T)otal of all alloc() calls: 3102
 U)nfreed bytes totals      : 30

============= MEMWATCH 2.71 Copyright (C) 1992-1999 Johan Lindh =============

Started at Thu Oct 29 12:49:18 2015

Modes: __STDC__ 64-bit mwDWORD==(unsigned int)
mwROUNDALLOC==8 sizeof(mwData)==56 mwDataSize==56


Stopped at Thu Oct 29 12:49:18 2015

unfreed: <1> src/procnanny.c(32), 30 bytes at 0x7fc08b500170  	{2E 2E 2F 73 72 63 2F 74 6D 70 2F 73 69 6D 70 6C ../src/tmp/simpl}

Memory usage statistics (global):
 N)umber of allocations made: 4
 L)argest memory usage      : 3102
 T)otal of all alloc() calls: 3102
 U)nfreed bytes totals      : 30

============= MEMWATCH 2.71 Copyright (C) 1992-1999 Johan Lindh =============

Started at Thu Oct 29 12:50:15 2015

Modes: __STDC__ 64-bit mwDWORD==(unsigned int)
mwROUNDALLOC==8 sizeof(mwData)==56 mwDataSize==56


Stopped at Thu Oct 29 12:50:15 2015


Memory usage statistics (global):
 N)umber of allocations made: 4
 L)argest memory usage      : 3102
 T)otal of all alloc() calls: 3102
 U)nfreed bytes totals      : 0

============= MEMWATCH 2.71 Copyright (C) 1992-1999 Johan Lindh =============

Started at Thu Oct 29 12:51:56 2015

Modes: __STDC__ 64-bit mwDWORD==(unsigned int)
mwROUNDALLOC==8 sizeof(mwData)==56 mwDataSize==56


Stopped at Thu Oct 29 12:51:56 2015


Memory usage statistics (global):
 N)umber of allocations made: 4
 L)argest memory usage      : 3102
 T)otal of all alloc() calls: 3102
 U)nfreed bytes totals      : 0

============= MEMWATCH 2.71 Copyright (C) 1992-1999 Johan Lindh =============

Started at Thu Oct 29 12:53:05 2015

Modes: __STDC__ 64-bit mwDWORD==(unsigned int)
mwROUNDALLOC==8 sizeof(mwData)==56 mwDataSize==56


Stopped at Thu Oct 29 12:53:05 2015


Memory usage statistics (global):
 N)umber of allocations made: 4
 L)argest memory usage      : 3102
 T)otal of all alloc() calls: 3102
 U)nfreed bytes totals      : 0

============= MEMWATCH 2.71 Copyright (C) 1992-1999 Johan Lindh =============

Started at Thu Oct 29 12:53:23 2015

Modes: __STDC__ 64-bit mwDWORD==(unsigned int)
mwROUNDALLOC==8 sizeof(mwData)==56 mwDataSize==56


Stopped at Thu Oct 29 12:53:23 2015


Memory usage statistics (global):
 N)umber of allocations made: 4
 L)argest memory usage      : 3102
 T)otal of all alloc() calls: 3102
 U)nfreed bytes totals      : 0

============= MEMWATCH 2.71 Copyright (C) 1992-1999 Johan Lindh =============

Started at Thu Oct 29 13:56:34 2015

Modes: __STDC__ 64-bit mwDWORD==(unsigned int)
mwROUNDALLOC==8 sizeof(mwData)==56 mwDataSize==56


Stopped at Thu Oct 29 13:56:34 2015


Memory usage statistics (global):
 N)umber of allocations made: 4
 L)argest memory usage      : 3102
 T)otal of all alloc() calls: 3102
 U)nfreed bytes totals      : 0

============= MEMWATCH 2.71 Copyright (C) 1992-1999 Johan Lindh =============

Started at Thu Oct 29 13:57:56 2015

Modes: __STDC__ 64-bit mwDWORD==(unsigned int)
mwROUNDALLOC==8 sizeof(mwData)==56 mwDataSize==56


Stopped at Thu Oct 29 13:57:56 2015


Memory usage statistics (global):
 N)umber of allocations made: 4
 L)argest memory usage      : 3102
 T)otal of all alloc() calls: 3102
 U)nfreed bytes totals      : 0

============= MEMWATCH 2.71 Copyright (C) 1992-1999 Johan Lindh =============

Started at Thu Oct 29 14:16:30 2015

Modes: __STDC__ 64-bit mwDWORD==(unsigned int)
mwROUNDALLOC==8 sizeof(mwData)==56 mwDataSize==56


Stopped at Thu Oct 29 14:16:32 2015

unfreed: <4> src/clientNanny.c(27), 1024 bytes at 0x7f8a42802c40  	{70 73 20 2D 43 20 20 2D 6F 20 70 69 64 3D 00 FE ps -C  -o pid=..}
unfreed: <3> src/clientNanny.c(26), 1024 bytes at 0x7f8a42802640  	{FE FE FE FE FE FE FE FE FE FE FE FE FE FE FE FE ................}
unfreed: <2> src/clientNanny.c(25), 1024 bytes at 0x7f8a42802040  	{49 6E 66 6F 3A 20 50 61 72 65 6E 74 20 70 72 6F Info: Parent pro}

Memory usage statistics (global):
 N)umber of allocations made: 5
 L)argest memory usage      : 4126
 T)otal of all alloc() calls: 4126
 U)nfreed bytes totals      : 3072

============= MEMWATCH 2.71 Copyright (C) 1992-1999 Johan Lindh =============

Started at Thu Oct 29 14:22:40 2015

Modes: __STDC__ 64-bit mwDWORD==(unsigned int)
mwROUNDALLOC==8 sizeof(mwData)==56 mwDataSize==56


Stopped at Thu Oct 29 14:22:42 2015

unfreed: <4> src/clientNanny.c(17), 1024 bytes at 0x7f8ceb002c40  	{70 73 20 2D 43 20 20 2D 6F 20 70 69 64 3D 00 FE ps -C  -o pid=..}
unfreed: <3> src/clientNanny.c(16), 1024 bytes at 0x7f8ceb002640  	{FE FE FE FE FE FE FE FE FE FE FE FE FE FE FE FE ................}
unfreed: <2> src/clientNanny.c(15), 1024 bytes at 0x7f8ceb002040  	{49 6E 66 6F 3A 20 50 61 72 65 6E 74 20 70 72 6F Info: Parent pro}

Memory usage statistics (global):
 N)umber of allocations made: 5
 L)argest memory usage      : 4126
 T)otal of all alloc() calls: 4126
 U)nfreed bytes totals      : 3072

============= MEMWATCH 2.71 Copyright (C) 1992-1999 Johan Lindh =============

Started at Thu Oct 29 14:23:12 2015

Modes: __STDC__ 64-bit mwDWORD==(unsigned int)
mwROUNDALLOC==8 sizeof(mwData)==56 mwDataSize==56


Stopped at Thu Oct 29 14:23:13 2015


Memory usage statistics (global):
 N)umber of allocations made: 5
 L)argest memory usage      : 4126
 T)otal of all alloc() calls: 4126
 U)nfreed bytes totals      : 0

============= MEMWATCH 2.71 Copyright (C) 1992-1999 Johan Lindh =============

Started at Thu Oct 29 20:22:29 2015

Modes: __STDC__ 64-bit mwDWORD==(unsigned int)
mwROUNDALLOC==8 sizeof(mwData)==56 mwDataSize==56


Stopped at Thu Oct 29 20:22:41 2015


Memory usage statistics (global):
 N)umber of allocations made: 5
 L)argest memory usage      : 4126
 T)otal of all alloc() calls: 4126
 U)nfreed bytes totals      : 0

============= MEMWATCH 2.71 Copyright (C) 1992-1999 Johan Lindh =============

Started at Thu Oct 29 20:24:49 2015

Modes: __STDC__ 64-bit mwDWORD==(unsigned int)
mwROUNDALLOC==8 sizeof(mwData)==56 mwDataSize==56


Stopped at Thu Oct 29 20:25:40 2015


Memory usage statistics (global):
 N)umber of allocations made: 5
 L)argest memory usage      : 4126
 T)otal of all alloc() calls: 4126
 U)nfreed bytes totals      : 0

============= MEMWATCH 2.71 Copyright (C) 1992-1999 Johan Lindh =============

Started at Thu Oct 29 20:26:02 2015

Modes: __STDC__ 64-bit mwDWORD==(unsigned int)
mwROUNDALLOC==8 sizeof(mwData)==56 mwDataSize==56


Stopped at Thu Oct 29 20:26:02 2015

unfreed: <1> src/procnanny.c(32), 30 bytes at 0x7fe882d00170  	{2E 2E 2F 73 72 63 2F 74 6D 70 2F 73 69 6D 70 6C ../src/tmp/simpl}

Memory usage statistics (global):
 N)umber of allocations made: 4
 L)argest memory usage      : 3102
 T)otal of all alloc() calls: 3102
 U)nfreed bytes totals      : 30

============= MEMWATCH 2.71 Copyright (C) 1992-1999 Johan Lindh =============

Started at Thu Oct 29 20:27:17 2015

Modes: __STDC__ 64-bit mwDWORD==(unsigned int)
mwROUNDALLOC==8 sizeof(mwData)==56 mwDataSize==56


Stopped at Thu Oct 29 20:27:17 2015

unfreed: <4> src/clientNanny.c(17), 1024 bytes at 0x7fa6dc002c40  	{70 73 20 2D 43 20 20 2D 6F 20 70 69 64 3D 00 FE ps -C  -o pid=..}
unfreed: <3> src/clientNanny.c(16), 1024 bytes at 0x7fa6dc002640  	{FE FE FE FE FE FE FE FE FE FE FE FE FE FE FE FE ................}
unfreed: <2> src/clientNanny.c(15), 1024 bytes at 0x7fa6dc002040  	{43 68 65 63 6B 69 6E 67 20 50 72 6F 63 65 73 73 Checking Process}
unfreed: <1> src/procnanny.c(32), 30 bytes at 0x7fa6db600170  	{2E 2E 2F 73 72 63 2F 74 6D 70 2F 73 69 6D 70 6C ../src/tmp/simpl}

Memory usage statistics (global):
 N)umber of allocations made: 4
 L)argest memory usage      : 3102
 T)otal of all alloc() calls: 3102
 U)nfreed bytes totals      : 3102

============= MEMWATCH 2.71 Copyright (C) 1992-1999 Johan Lindh =============

Started at Thu Oct 29 20:28:07 2015

Modes: __STDC__ 64-bit mwDWORD==(unsigned int)
mwROUNDALLOC==8 sizeof(mwData)==56 mwDataSize==56


Stopped at Thu Oct 29 20:28:07 2015


Memory usage statistics (global):
 N)umber of allocations made: 4
 L)argest memory usage      : 3102
 T)otal of all alloc() calls: 3102
 U)nfreed bytes totals      : 0

============= MEMWATCH 2.71 Copyright (C) 1992-1999 Johan Lindh =============

Started at Thu Oct 29 20:29:28 2015

Modes: __STDC__ 64-bit mwDWORD==(unsigned int)
mwROUNDALLOC==8 sizeof(mwData)==56 mwDataSize==56


Stopped at Thu Oct 29 20:29:36 2015


Memory usage statistics (global):
 N)umber of allocations made: 5
 L)argest memory usage      : 4126
 T)otal of all alloc() calls: 4126
 U)nfreed bytes totals      : 0

============= MEMWATCH 2.71 Copyright (C) 1992-1999 Johan Lindh =============

Started at Thu Oct 29 20:29:55 2015

Modes: __STDC__ 64-bit mwDWORD==(unsigned int)
mwROUNDALLOC==8 sizeof(mwData)==56 mwDataSize==56


Stopped at Thu Oct 29 20:30:02 2015


Memory usage statistics (global):
 N)umber of allocations made: 5
 L)argest memory usage      : 4126
 T)otal of all alloc() calls: 4126
 U)nfreed bytes totals      : 0

============= MEMWATCH 2.71 Copyright (C) 1992-1999 Johan Lindh =============

Started at Thu Oct 29 20:30:53 2015

Modes: __STDC__ 64-bit mwDWORD==(unsigned int)
mwROUNDALLOC==8 sizeof(mwData)==56 mwDataSize==56


Stopped at Thu Oct 29 20:31:05 2015


Memory usage statistics (global):
 N)umber of allocations made: 5
 L)argest memory usage      : 4126
 T)otal of all alloc() calls: 4126
 U)nfreed bytes totals      : 0

============= MEMWATCH 2.71 Copyright (C) 1992-1999 Johan Lindh =============

Started at Thu Oct 29 20:32:25 2015

Modes: __STDC__ 64-bit mwDWORD==(unsigned int)
mwROUNDALLOC==8 sizeof(mwData)==56 mwDataSize==56


Stopped at Thu Oct 29 20:32:27 2015


Memory usage statistics (global):
 N)umber of allocations made: 5
 L)argest memory usage      : 4126
 T)otal of all alloc() calls: 4126
 U)nfreed bytes totals      : 0

============= MEMWATCH 2.71 Copyright (C) 1992-1999 Johan Lindh =============

Started at Thu Oct 29 20:34:58 2015

Modes: __STDC__ 64-bit mwDWORD==(unsigned int)
mwROUNDALLOC==8 sizeof(mwData)==56 mwDataSize==56


Stopped at Thu Oct 29 20:35:01 2015


Memory usage statistics (global):
 N)umber of allocations made: 5
 L)argest memory usage      : 4126
 T)otal of all alloc() calls: 4126
 U)nfreed bytes totals      : 0

============= MEMWATCH 2.71 Copyright (C) 1992-1999 Johan Lindh =============

Started at Fri Oct 30 12:19:02 2015

Modes: __STDC__ 64-bit mwDWORD==(unsigned int)
mwROUNDALLOC==8 sizeof(mwData)==56 mwDataSize==56


Stopped at Fri Oct 30 12:19:13 2015


Memory usage statistics (global):
 N)umber of allocations made: 5
 L)argest memory usage      : 4126
 T)otal of all alloc() calls: 4126
 U)nfreed bytes totals      : 0

============= MEMWATCH 2.71 Copyright (C) 1992-1999 Johan Lindh =============

Started at Fri Oct 30 12:20:33 2015

Modes: __STDC__ 64-bit mwDWORD==(unsigned int)
mwROUNDALLOC==8 sizeof(mwData)==56 mwDataSize==56


Stopped at Fri Oct 30 12:20:36 2015


Memory usage statistics (global):
 N)umber of allocations made: 5
 L)argest memory usage      : 4126
 T)otal of all alloc() calls: 4126
 U)nfreed bytes totals      : 0

============= MEMWATCH 2.71 Copyright (C) 1992-1999 Johan Lindh =============

Started at Fri Oct 30 12:21:17 2015

Modes: __STDC__ 64-bit mwDWORD==(unsigned int)
mwROUNDALLOC==8 sizeof(mwData)==56 mwDataSize==56


Stopped at Fri Oct 30 12:21:28 2015


Memory usage statistics (global):
 N)umber of allocations made: 5
 L)argest memory usage      : 4126
 T)otal of all alloc() calls: 4126
 U)nfreed bytes totals      : 0

============= MEMWATCH 2.71 Copyright (C) 1992-1999 Johan Lindh =============

Started at Fri Oct 30 12:23:32 2015

Modes: __STDC__ 64-bit mwDWORD==(unsigned int)
mwROUNDALLOC==8 sizeof(mwData)==56 mwDataSize==56


Stopped at Fri Oct 30 12:23:41 2015


Memory usage statistics (global):
 N)umber of allocations made: 5
 L)argest memory usage      : 4123
 T)otal of all alloc() calls: 4123
 U)nfreed bytes totals      : 0

============= MEMWATCH 2.71 Copyright (C) 1992-1999 Johan Lindh =============

Started at Fri Oct 30 12:27:55 2015

Modes: __STDC__ 64-bit mwDWORD==(unsigned int)
mwROUNDALLOC==8 sizeof(mwData)==56 mwDataSize==56


Stopped at Fri Oct 30 12:28:53 2015


Memory usage statistics (global):
 N)umber of allocations made: 5
 L)argest memory usage      : 4123
 T)otal of all alloc() calls: 4123
 U)nfreed bytes totals      : 0

============= MEMWATCH 2.71 Copyright (C) 1992-1999 Johan Lindh =============

Started at Fri Oct 30 12:31:18 2015

Modes: __STDC__ 64-bit mwDWORD==(unsigned int)
mwROUNDALLOC==8 sizeof(mwData)==56 mwDataSize==56


Stopped at Fri Oct 30 12:32:51 2015


Memory usage statistics (global):
 N)umber of allocations made: 5
 L)argest memory usage      : 4123
 T)otal of all alloc() calls: 4123
 U)nfreed bytes totals      : 0

============= MEMWATCH 2.71 Copyright (C) 1992-1999 Johan Lindh =============

Started at Fri Oct 30 12:33:58 2015

Modes: __STDC__ 64-bit mwDWORD==(unsigned int)
mwROUNDALLOC==8 sizeof(mwData)==56 mwDataSize==56


Stopped at Fri Oct 30 12:34:50 2015


Memory usage statistics (global):
 N)umber of allocations made: 5
 L)argest memory usage      : 4126
 T)otal of all alloc() calls: 4126
 U)nfreed bytes totals      : 0

============= MEMWATCH 2.71 Copyright (C) 1992-1999 Johan Lindh =============

Started at Fri Oct 30 12:34:53 2015

Modes: __STDC__ 64-bit mwDWORD==(unsigned int)
mwROUNDALLOC==8 sizeof(mwData)==56 mwDataSize==56


Stopped at Fri Oct 30 12:35:32 2015


Memory usage statistics (global):
 N)umber of allocations made: 5
 L)argest memory usage      : 4126
 T)otal of all alloc() calls: 4126
 U)nfreed bytes totals      : 0

============= MEMWATCH 2.71 Copyright (C) 1992-1999 Johan Lindh =============

Started at Fri Oct 30 12:35:36 2015

Modes: __STDC__ 64-bit mwDWORD==(unsigned int)
mwROUNDALLOC==8 sizeof(mwData)==56 mwDataSize==56


Stopped at Fri Oct 30 12:36:02 2015


Memory usage statistics (global):
 N)umber of allocations made: 5
 L)argest memory usage      : 4126
 T)otal of all alloc() calls: 4126
 U)nfreed bytes totals      : 0

============= MEMWATCH 2.71 Copyright (C) 1992-1999 Johan Lindh =============

Started at Fri Oct 30 12:45:25 2015

Modes: __STDC__ 64-bit mwDWORD==(unsigned int)
mwROUNDALLOC==8 sizeof(mwData)==56 mwDataSize==56


Stopped at Fri Oct 30 15:55:06 2015


Memory usage statistics (global):
 N)umber of allocations made: 5
 L)argest memory usage      : 4126
 T)otal of all alloc() calls: 4126
 U)nfreed bytes totals      : 0

============= MEMWATCH 2.71 Copyright (C) 1992-1999 Johan Lindh =============

Started at Fri Oct 30 15:55:55 2015

Modes: __STDC__ 64-bit mwDWORD==(unsigned int)
mwROUNDALLOC==8 sizeof(mwData)==56 mwDataSize==56


Stopped at Fri Oct 30 15:56:06 2015


Memory usage statistics (global):
 N)umber of allocations made: 5
 L)argest memory usage      : 4123
 T)otal of all alloc() calls: 4123
 U)nfreed bytes totals      : 0

============= MEMWATCH 2.71 Copyright (C) 1992-1999 Johan Lindh =============

Started at Fri Oct 30 15:56:48 2015

Modes: __STDC__ 64-bit mwDWORD==(unsigned int)
mwROUNDALLOC==8 sizeof(mwData)==56 mwDataSize==56


Stopped at Fri Oct 30 15:57:17 2015


Memory usage statistics (global):
 N)umber of allocations made: 5
 L)argest memory usage      : 4123
 T)otal of all alloc() calls: 4123
 U)nfreed bytes totals      : 0

============= MEMWATCH 2.71 Copyright (C) 1992-1999 Johan Lindh =============

Started at Fri Oct 30 15:57:22 2015

Modes: __STDC__ 64-bit mwDWORD==(unsigned int)
mwROUNDALLOC==8 sizeof(mwData)==56 mwDataSize==56


Stopped at Fri Oct 30 15:57:27 2015


Memory usage statistics (global):
 N)umber of allocations made: 5
 L)argest memory usage      : 4123
 T)otal of all alloc() calls: 4123
 U)nfreed bytes totals      : 0

============= MEMWATCH 2.71 Copyright (C) 1992-1999 Johan Lindh =============

Started at Fri Oct 30 15:57:44 2015

Modes: __STDC__ 64-bit mwDWORD==(unsigned int)
mwROUNDALLOC==8 sizeof(mwData)==56 mwDataSize==56


Stopped at Fri Oct 30 16:04:19 2015


Memory usage statistics (global):
 N)umber of allocations made: 5
 L)argest memory usage      : 4126
 T)otal of all alloc() calls: 4126
 U)nfreed bytes totals      : 0

============= MEMWATCH 2.71 Copyright (C) 1992-1999 Johan Lindh =============

Started at Sun Nov  1 17:15:38 2015

Modes: __STDC__ 64-bit mwDWORD==(unsigned int)
mwROUNDALLOC==8 sizeof(mwData)==56 mwDataSize==56


Stopped at Sun Nov  1 17:15:56 2015

unfreed: <7> src/clerkNanny.c(74), 2056 bytes at 0x7fdf2400ba40  	{74 65 73 74 31 00 FE FE FE FE FE FE FE FE FE FE test1...........}
unfreed: <6> src/clerkNanny.c(74), 2056 bytes at 0x7fdf2400b040  	{74 65 73 74 00 FE FE FE FE FE FE FE FE FE FE FE test............}
unfreed: <5> src/clerkNanny.c(74), 2056 bytes at 0x7fdf2400a640  	{61 2E 6F 75 74 00 FE FE FE FE FE FE FE FE FE FE a.out...........}

Memory usage statistics (global):
 N)umber of allocations made: 8
 L)argest memory usage      : 10294
 T)otal of all alloc() calls: 10294
 U)nfreed bytes totals      : 6168

============= MEMWATCH 2.71 Copyright (C) 1992-1999 Johan Lindh =============

Started at Sun Nov  1 17:17:29 2015

Modes: __STDC__ 64-bit mwDWORD==(unsigned int)
mwROUNDALLOC==8 sizeof(mwData)==56 mwDataSize==56

NULL free: <11> src/clerkNanny.c(42), NULL pointer free'd

Stopped at Sun Nov  1 17:17:32 2015

unfreed: <6> src/clerkNanny.c(77), 2056 bytes at 0x7feb6980b040  	{74 65 73 74 00 FE FE FE FE FE FE FE FE FE FE FE test............}
unfreed: <5> src/clerkNanny.c(77), 2056 bytes at 0x7feb6980a640  	{61 2E 6F 75 74 00 FE FE FE FE FE FE FE FE FE FE a.out...........}

Memory usage statistics (global):
 N)umber of allocations made: 8
 L)argest memory usage      : 10294
 T)otal of all alloc() calls: 10294
 U)nfreed bytes totals      : 4112

============= MEMWATCH 2.71 Copyright (C) 1992-1999 Johan Lindh =============

Started at Sun Nov  1 17:21:05 2015

Modes: __STDC__ 64-bit mwDWORD==(unsigned int)
mwROUNDALLOC==8 sizeof(mwData)==56 mwDataSize==56

WILD free: <11> src/clerkNanny.c(45), unknown pointer 0xfdfdfdfdfdfdfdfd

============= MEMWATCH 2.71 Copyright (C) 1992-1999 Johan Lindh =============

Started at Sun Nov  1 17:22:14 2015

Modes: __STDC__ 64-bit mwDWORD==(unsigned int)
mwROUNDALLOC==8 sizeof(mwData)==56 mwDataSize==56

WILD free: <11> src/clerkNanny.c(45), unknown pointer 0xfdfdfdfdfdfdfdfd

============= MEMWATCH 2.71 Copyright (C) 1992-1999 Johan Lindh =============

Started at Sun Nov  1 17:26:26 2015

Modes: __STDC__ 64-bit mwDWORD==(unsigned int)
mwROUNDALLOC==8 sizeof(mwData)==56 mwDataSize==56


Stopped at Sun Nov  1 17:26:28 2015

unfreed: <7> src/clerkNanny.c(74), 2056 bytes at 0x7fbd2080ba40  	{74 65 73 74 31 00 FE FE FE FE FE FE FE FE FE FE test1...........}
unfreed: <6> src/clerkNanny.c(74), 2056 bytes at 0x7fbd2080b040  	{74 65 73 74 00 FE FE FE FE FE FE FE FE FE FE FE test............}
unfreed: <5> src/clerkNanny.c(74), 2056 bytes at 0x7fbd2080a640  	{61 2E 6F 75 74 00 FE FE FE FE FE FE FE FE FE FE a.out...........}

Memory usage statistics (global):
 N)umber of allocations made: 8
 L)argest memory usage      : 10294
 T)otal of all alloc() calls: 10294
 U)nfreed bytes totals      : 6168

============= MEMWATCH 2.71 Copyright (C) 1992-1999 Johan Lindh =============

Started at Sun Nov  1 17:28:10 2015

Modes: __STDC__ 64-bit mwDWORD==(unsigned int)
mwROUNDALLOC==8 sizeof(mwData)==56 mwDataSize==56


Stopped at Sun Nov  1 17:28:12 2015

unfreed: <7> src/clerkNanny.c(74), 2056 bytes at 0x7fdf1200ba40  	{74 65 73 74 31 00 FE FE FE FE FE FE FE FE FE FE test1...........}
unfreed: <6> src/clerkNanny.c(74), 2056 bytes at 0x7fdf1200b040  	{74 65 73 74 00 FE FE FE FE FE FE FE FE FE FE FE test............}
unfreed: <5> src/clerkNanny.c(74), 2056 bytes at 0x7fdf1200a640  	{61 2E 6F 75 74 00 FE FE FE FE FE FE FE FE FE FE a.out...........}

Memory usage statistics (global):
 N)umber of allocations made: 8
 L)argest memory usage      : 10294
 T)otal of all alloc() calls: 10294
 U)nfreed bytes totals      : 6168

============= MEMWATCH 2.71 Copyright (C) 1992-1999 Johan Lindh =============

Started at Sun Nov  1 17:37:14 2015

Modes: __STDC__ 64-bit mwDWORD==(unsigned int)
mwROUNDALLOC==8 sizeof(mwData)==56 mwDataSize==56


Stopped at Sun Nov  1 17:37:15 2015


Memory usage statistics (global):
 N)umber of allocations made: 8
 L)argest memory usage      : 10294
 T)otal of all alloc() calls: 10294
 U)nfreed bytes totals      : 0

============= MEMWATCH 2.71 Copyright (C) 1992-1999 Johan Lindh =============

Started at Sun Nov  1 17:38:11 2015

Modes: __STDC__ 64-bit mwDWORD==(unsigned int)
mwROUNDALLOC==8 sizeof(mwData)==56 mwDataSize==56


Stopped at Sun Nov  1 17:38:15 2015


Memory usage statistics (global):
 N)umber of allocations made: 8
 L)argest memory usage      : 10294
 T)otal of all alloc() calls: 10294
 U)nfreed bytes totals      : 0

============= MEMWATCH 2.71 Copyright (C) 1992-1999 Johan Lindh =============

Started at Sun Nov  1 17:40:44 2015

Modes: __STDC__ 64-bit mwDWORD==(unsigned int)
mwROUNDALLOC==8 sizeof(mwData)==56 mwDataSize==56


Stopped at Sun Nov  1 17:40:46 2015


Memory usage statistics (global):
 N)umber of allocations made: 8
 L)argest memory usage      : 10294
 T)otal of all alloc() calls: 10294
 U)nfreed bytes totals      : 0
